Arguments: 
  C:\Program Files\nodejs\node.exe C:\Program Files (x86)\Yarn\bin\yarn.js add react-native-segment-controller

PATH: 
  C:\Program Files (x86)\Intel\iCLS Client\;C:\Program Files\Intel\iCLS Client\;C:\WINDOWS\system32;C:\WINDOWS;C:\WINDOWS\System32\Wbem;C:\WINDOWS\System32\WindowsPowerShell\v1.0\;C:\Program Files (x86)\Intel\Intel(R) Management Engine Components\DAL;C:\Program Files\Intel\Intel(R) Management Engine Components\DAL;C:\Program Files (x86)\Intel\Intel(R) Management Engine Components\IPT;C:\Program Files\Intel\Intel(R) Management Engine Components\IPT;C:\Program Files (x86)\NVIDIA Corporation\PhysX\Common;D:\Program Files\Git\cmd;C:\ProgramData\chocolatey\bin;C:\Program Files\Java\jdk1.8.0_162\bin;C:\Users\phatt\AppData\Roaming\npm;C:\Program Files\nodejs\;C:\Program Files (x86)\Yarn\bin\;C:\Program Files\Git\cmd;C:\Users\phatt\AppData\Local\Microsoft\WindowsApps;D:\Program Files\Microsoft VS Code\bin;"C:\Program Files\nodejs;";C:\Users\phatt\AppData\Roaming\npm;C:\Users\phatt\AppData\Local\Yarn\bin

Yarn version: 
  1.5.1

Node version: 
  9.11.1

Platform: 
  win32 x64

npm manifest: 
  {
    "main": "node_modules/expo/AppEntry.js",
    "private": true,
    "scripts": {
      "test": "node ./node_modules/jest/bin/jest.js --watchAll"
    },
    "jest": {
      "preset": "jest-expo"
    },
    "dependencies": {
      "@expo/samples": "2.1.1",
      "eslint": "^4.19.1",
      "expo": "26.0.0",
      "react": "16.3.0-alpha.1",
      "react-native": "https://github.com/expo/react-native/archive/sdk-26.0.0.tar.gz",
      "react-navigation": "1.5.10"
    },
    "devDependencies": {
      "jest-expo": "^26.0.0"
    }
  }

yarn manifest: 
  No manifest

Lockfile: 
  No lockfile

Trace: 
  Error: EPERM: operation not permitted, unlink 'D:\Expo\portaldemo\node_modules\align-text\node_modules\kind-of'
